Traceback (most recent call last):
  File "/root/virtualenv/certbot/bin/certbot", line 11, in <module>
    load_entry_point('certbot==0.13.0', 'console_scripts', 'certbot')()
  File "/root/virtualenv/certbot/lib/python2.7/site-packages/certbot/main.py", line 738, in main
    args = cli.prepare_and_parse_args(plugins, cli_args)
  File "/root/virtualenv/certbot/lib/python2.7/site-packages/certbot/cli.py", line 1084, in prepare_and_parse_args
    return helpful.parse_args()
  File "/root/virtualenv/certbot/lib/python2.7/site-packages/certbot/cli.py", line 526, in parse_args
    parsed_args = self.parser.parse_args(self.args)
  File "/root/virtualenv/certbot/lib/python2.7/site-packages/configargparse.py", line 402, in parse_args
    env_vars = env_vars)
  File "/root/virtualenv/certbot/lib/python2.7/site-packages/configargparse.py", line 556, in parse_known_args
    self, args=args, namespace=namespace)
  File "/usr/lib64/python2.7/argparse.py", line 1720, in parse_known_args
    namespace, args = self._parse_known_args(args, namespace)
  File "/usr/lib64/python2.7/argparse.py", line 1926, in _parse_known_args
    start_index = consume_optional(start_index)
  File "/usr/lib64/python2.7/argparse.py", line 1866, in consume_optional
    take_action(action, args, option_string)
  File "/usr/lib64/python2.7/argparse.py", line 1794, in take_action
    action(self, namespace, argument_values, option_string)
  File "/root/virtualenv/certbot/lib/python2.7/site-packages/certbot/plugins/webroot.py", line 273, in __call__
    namespace.webroot_path.append(_validate_webroot(webroot_path))
  File "/root/virtualenv/certbot/lib/python2.7/site-packages/certbot/plugins/webroot.py", line 286, in _validate_webroot
    raise errors.PluginError(webroot_path + " does not exist or is not a directory")
PluginError: /var/www/letsencrypt/sp4.test.edu.portalverbund.at/ does not exist or is not a directory
